{
  "RSpec": {
    "coverage": {
      "/Users/CKenny/Projects/qual_clothing/app/models/cart.rb": [
        1,
        1,
        null,
        1,
        null,
        null,
        1,
        12,
        34,
        22,
        12,
        9,
        null,
        3,
        null,
        null,
        null,
        1,
        11,
        null,
        null,
        1,
        0,
        null,
        null,
        1,
        3,
        3,
        3,
        3,
        null,
        null,
        null,
        1,
        3,
        12,
        3,
        null,
        null,
        null,
        1,
        1,
        1,
        1,
        null,
        null
      ],
      "/Users/CKenny/Projects/qual_clothing/app/models/product.rb": [
        1,
        1,
        null,
        1,
        10,
        10,
        null,
        null,
        1,
        1,
        1,
        null,
        null
      ],
      "/Users/CKenny/Projects/qual_clothing/app/controllers/products_controller.rb": [
        1,
        null,
        1,
        448,
        448,
        32,
        32,
        null,
        null,
        1,
        0,
        null,
        null,
        1,
        0,
        null,
        null,
        1,
        10,
        10,
        10,
        10,
        10,
        null,
        null
      ],
      "/Users/CKenny/Projects/qual_clothing/app/controllers/application_controller.rb": [
        1,
        null,
        null,
        1,
        null
      ],
      "/Users/CKenny/Projects/qual_clothing/app/controllers/carts_controller.rb": [
        1,
        null,
        1,
        11,
        11,
        9,
        null,
        null,
        null,
        1,
        3,
        3,
        3,
        3,
        3,
        null,
        null,
        1,
        1,
        1,
        1,
        1,
        1,
        null,
        null,
        1,
        null,
        1,
        3,
        null,
        null,
        null,
        null
      ]
    },
    "timestamp": 1440429305
  }
}
